<?xml version="1.0" encoding="UTF-8"?>
<testsuite name="UserRegistrationTest" tests="10" skipped="0" failures="0" errors="0" timestamp="2021-01-01T17:14:35" hostname="DESKTOP-BLCU99U" time="0.051">
  <properties/>
  <testcase name="givenEmailAddress_WhenValid_ShouldReturnTrue" classname="UserRegistrationTest" time="0.037"/>
  <testcase name="givenLastName_WhenValid_ShouldReturnTrue" classname="UserRegistrationTest" time="0.0"/>
  <testcase name="givenPhoneNumber_WhenValid_ShouldReturnTrue" classname="UserRegistrationTest" time="0.001"/>
  <testcase name="givenFirstName_WhenInvalid_ShouldReturnFalse" classname="UserRegistrationTest" time="0.001"/>
  <testcase name="givenFirstName_WhenValid_ShouldReturnTrue" classname="UserRegistrationTest" time="0.001"/>
  <testcase name="givenPassword_WhenInvalid_ShouldReturnTrue" classname="UserRegistrationTest" time="0.002"/>
  <testcase name="givenPassword_WhenValid_ShouldReturnTrue" classname="UserRegistrationTest" time="0.001"/>
  <testcase name="givenEmailAddress_WhenInvalid_ShouldReturnTrue" classname="UserRegistrationTest" time="0.001"/>
  <testcase name="givenPhoneNumber_WhenInvalid_ShouldReturnFalse" classname="UserRegistrationTest" time="0.0"/>
  <testcase name="givenLastName_WhenInvalid_ShouldReturnFalse" classname="UserRegistrationTest" time="0.0"/>
  <system-out><![CDATA[valid email id
valid last name
valid phone number
Invalid First name
valid First name
Invalid password
valid password
Invalid email id
Invalid phone number
Invalid last name
]]></system-out>
  <system-err><![CDATA[]]></system-err>
</testsuite>
